 INFO 2017-12-13 19:51:24.031 [main]  at org.springframework.boot.StartupInfoLogger.logStarting(StartupInfoLogger.java:48) ->> Starting Application on ENOCH with PID 976 (E:\Studio\IdeaProjects\SpringBootDemo\mybatis_spring_boot_starter\target\classes started by Enoch in E:\Studio\IdeaProjects\SpringBootDemo)
 INFO 2017-12-13 19:51:24.036 [main]  at org.springframework.boot.SpringApplication.logStartupProfileInfo(SpringApplication.java:663) ->> The following profiles are active: dev
 INFO 2017-12-13 19:51:24.129 [main]  at org.springframework.context.support.AbstractApplicationContext.prepareRefresh(AbstractApplicationContext.java:581) ->> Refreshing org.springframework.boot.context.embedded.AnnotationConfigEmbeddedWebApplicationContext@2089208e: startup date [Wed Dec 13 19:51:24 CST 2017]; root of context hierarchy
 INFO 2017-12-13 19:51:24.436 [background-preinit]  at org.hibernate.validator.internal.util.Version.<clinit>(Version.java:30) ->> HV000001: Hibernate Validator 5.2.4.Final
 INFO 2017-12-13 19:51:25.771 [main]  at org.springframework.context.support.PostProcessorRegistrationDelegate$BeanPostProcessorChecker.postProcessAfterInitialization(PostProcessorRegistrationDelegate.java:328) ->> Bean 'org.springframework.transaction.annotation.ProxyTransactionManagementConfiguration' of type [class org.springframework.transaction.annotation.ProxyTransactionManagementConfiguration$$EnhancerBySpringCGLIB$$6f0c1357] is not eligible for getting processed by all BeanPostProcessors (for example: not eligible for auto-proxying)
 INFO 2017-12-13 19:51:26.360 [main]  at org.springframework.boot.context.embedded.tomcat.TomcatEmbeddedServletContainer.initialize(TomcatEmbeddedServletContainer.java:88) ->> Tomcat initialized with port(s): 8088 (http)
 INFO 2017-12-13 19:51:26.373 [main]  at org.apache.juli.logging.DirectJDKLog.log(DirectJDKLog.java:179) ->> Starting service Tomcat
 INFO 2017-12-13 19:51:26.375 [main]  at org.apache.juli.logging.DirectJDKLog.log(DirectJDKLog.java:179) ->> Starting Servlet Engine: Apache Tomcat/8.5.4
 INFO 2017-12-13 19:51:26.467 [localhost-startStop-1]  at org.apache.juli.logging.DirectJDKLog.log(DirectJDKLog.java:179) ->> Initializing Spring embedded WebApplicationContext
 INFO 2017-12-13 19:51:26.468 [localhost-startStop-1]  at org.springframework.boot.context.embedded.EmbeddedWebApplicationContext.prepareEmbeddedWebApplicationContext(EmbeddedWebApplicationContext.java:276) ->> Root WebApplicationContext: initialization completed in 2339 ms
 INFO 2017-12-13 19:51:26.484 [localhost-startStop-1]  at com.enoch.studio.config.DruidConfiguration.druidServlet(DruidConfiguration.java:31) ->> init Druid Servlet Configuration 
 INFO 2017-12-13 19:51:26.766 [localhost-startStop-1]  at org.springframework.boot.web.servlet.AbstractFilterRegistrationBean.configure(AbstractFilterRegistrationBean.java:258) ->> Mapping filter: 'characterEncodingFilter' to: [/*]
 INFO 2017-12-13 19:51:26.767 [localhost-startStop-1]  at org.springframework.boot.web.servlet.AbstractFilterRegistrationBean.configure(AbstractFilterRegistrationBean.java:258) ->> Mapping filter: 'hiddenHttpMethodFilter' to: [/*]
 INFO 2017-12-13 19:51:26.767 [localhost-startStop-1]  at org.springframework.boot.web.servlet.AbstractFilterRegistrationBean.configure(AbstractFilterRegistrationBean.java:258) ->> Mapping filter: 'httpPutFormContentFilter' to: [/*]
 INFO 2017-12-13 19:51:26.767 [localhost-startStop-1]  at org.springframework.boot.web.servlet.AbstractFilterRegistrationBean.configure(AbstractFilterRegistrationBean.java:258) ->> Mapping filter: 'requestContextFilter' to: [/*]
 INFO 2017-12-13 19:51:26.769 [localhost-startStop-1]  at org.springframework.boot.web.servlet.AbstractFilterRegistrationBean.configure(AbstractFilterRegistrationBean.java:258) ->> Mapping filter: 'springSecurityFilterChain' to: [/*]
 INFO 2017-12-13 19:51:26.769 [localhost-startStop-1]  at org.springframework.boot.web.servlet.AbstractFilterRegistrationBean.configure(AbstractFilterRegistrationBean.java:271) ->> Mapping filter: 'webStatFilter' to urls: [/*]
 INFO 2017-12-13 19:51:26.769 [localhost-startStop-1]  at org.springframework.boot.web.servlet.ServletRegistrationBean.onStartup(ServletRegistrationBean.java:190) ->> Mapping servlet: 'statViewServlet' to [/druid/*]
 INFO 2017-12-13 19:51:26.770 [localhost-startStop-1]  at org.springframework.boot.web.servlet.ServletRegistrationBean.onStartup(ServletRegistrationBean.java:190) ->> Mapping servlet: 'dispatcherServlet' to [/]
 WARN 2017-12-13 19:51:27.313 [main]  at org.springframework.beans.factory.annotation.AutowiredAnnotationBeanPostProcessor$2.doWith(AutowiredAnnotationBeanPostProcessor.java:422) ->> Autowired annotation is not supported on static fields: private static java.lang.String com.enoch.studio.handler.GlobalErrorController.errorPath
 INFO 2017-12-13 19:51:27.733 [main]  at org.springframework.web.servlet.mvc.method.annotation.RequestMappingHandlerAdapter.initControllerAdviceCache(RequestMappingHandlerAdapter.java:534) ->> Looking for @ControllerAdvice: org.springframework.boot.context.embedded.AnnotationConfigEmbeddedWebApplicationContext@2089208e: startup date [Wed Dec 13 19:51:24 CST 2017]; root of context hierarchy
 INFO 2017-12-13 19:51:27.806 [main]  at org.springframework.web.servlet.handler.AbstractHandlerMethodMapping$MappingRegistry.register(AbstractHandlerMethodMapping.java:543) ->> Mapped "{[/user/getAllUser-{ip}]}" onto public com.enoch.studio.entity.CustomerResponseEntity com.enoch.studio.controller.UserController.getAllUser()
 INFO 2017-12-13 19:51:27.808 [main]  at org.springframework.web.servlet.handler.AbstractHandlerMethodMapping$MappingRegistry.register(AbstractHandlerMethodMapping.java:543) ->> Mapped "{[/user/saveUser-{ip}]}" onto public com.enoch.studio.entity.CustomerResponseEntity com.enoch.studio.controller.UserController.saveUser() throws java.lang.Exception
 INFO 2017-12-13 19:51:27.811 [main]  at org.springframework.web.servlet.handler.AbstractHandlerMethodMapping$MappingRegistry.register(AbstractHandlerMethodMapping.java:543) ->> Mapped "{[/user/getUserByID-{ip}]}" onto public com.enoch.studio.entity.CustomerResponseEntity com.enoch.studio.controller.UserController.getUserByID(java.lang.Integer)
 INFO 2017-12-13 19:51:27.812 [main]  at org.springframework.web.servlet.handler.AbstractHandlerMethodMapping$MappingRegistry.register(AbstractHandlerMethodMapping.java:543) ->> Mapped "{[/error]}" onto public com.enoch.studio.entity.CustomerResponseEntity<?> com.enoch.studio.handler.GlobalErrorController.error(javax.servlet.http.HttpServletRequest)
 INFO 2017-12-13 19:51:27.869 [main]  at org.springframework.web.servlet.handler.AbstractUrlHandlerMapping.registerHandler(AbstractUrlHandlerMapping.java:354) ->> Mapped URL path [/webjars/**] onto handler of type [class org.springframework.web.servlet.resource.ResourceHttpRequestHandler]
 INFO 2017-12-13 19:51:27.870 [main]  at org.springframework.web.servlet.handler.AbstractUrlHandlerMapping.registerHandler(AbstractUrlHandlerMapping.java:354) ->> Mapped URL path [/**] onto handler of type [class org.springframework.web.servlet.resource.ResourceHttpRequestHandler]
 INFO 2017-12-13 19:51:27.894 [main]  at org.springframework.web.servlet.mvc.method.annotation.ExceptionHandlerExceptionResolver.initExceptionHandlerAdviceCache(ExceptionHandlerExceptionResolver.java:269) ->> Detected @ExceptionHandler methods in globalExceptionHandler
 INFO 2017-12-13 19:51:27.934 [main]  at org.springframework.web.servlet.handler.AbstractUrlHandlerMapping.registerHandler(AbstractUrlHandlerMapping.java:354) ->> Mapped URL path [/**/favicon.ico] onto handler of type [class org.springframework.web.servlet.resource.ResourceHttpRequestHandler]
 INFO 2017-12-13 19:51:28.284 [main]  at org.springframework.boot.autoconfigure.security.AuthenticationManagerConfiguration$DefaultInMemoryUserDetailsManagerConfigurer.configure(AuthenticationManagerConfiguration.java:169) ->> 

Using default security password: 19630b58-3dce-472c-b39d-c7045f590dd4

 INFO 2017-12-13 19:51:28.328 [main]  at org.springframework.security.web.DefaultSecurityFilterChain.<init>(DefaultSecurityFilterChain.java:43) ->> Creating filter chain: Ant [pattern='/css/**'], []
 INFO 2017-12-13 19:51:28.328 [main]  at org.springframework.security.web.DefaultSecurityFilterChain.<init>(DefaultSecurityFilterChain.java:43) ->> Creating filter chain: Ant [pattern='/js/**'], []
 INFO 2017-12-13 19:51:28.328 [main]  at org.springframework.security.web.DefaultSecurityFilterChain.<init>(DefaultSecurityFilterChain.java:43) ->> Creating filter chain: Ant [pattern='/images/**'], []
 INFO 2017-12-13 19:51:28.328 [main]  at org.springframework.security.web.DefaultSecurityFilterChain.<init>(DefaultSecurityFilterChain.java:43) ->> Creating filter chain: Ant [pattern='/webjars/**'], []
 INFO 2017-12-13 19:51:28.328 [main]  at org.springframework.security.web.DefaultSecurityFilterChain.<init>(DefaultSecurityFilterChain.java:43) ->> Creating filter chain: Ant [pattern='/**/favicon.ico'], []
 INFO 2017-12-13 19:51:28.329 [main]  at org.springframework.security.web.DefaultSecurityFilterChain.<init>(DefaultSecurityFilterChain.java:43) ->> Creating filter chain: Ant [pattern='/error'], []
 INFO 2017-12-13 19:51:28.413 [main]  at org.springframework.security.web.DefaultSecurityFilterChain.<init>(DefaultSecurityFilterChain.java:43) ->> Creating filter chain: org.springframework.boot.autoconfigure.security.SpringBootWebSecurityConfiguration$ApplicationNoWebSecurityConfigurerAdapter$1@4e89ac17, [org.springframework.security.web.context.request.async.WebAsyncManagerIntegrationFilter@30814249, org.springframework.security.web.context.SecurityContextPersistenceFilter@75cfc922, org.springframework.security.web.header.HeaderWriterFilter@7800b33e, org.springframework.security.web.csrf.CsrfFilter@60e55b56, org.springframework.security.web.authentication.logout.LogoutFilter@2de7ea3c, org.springframework.security.web.savedrequest.RequestCacheAwareFilter@58973ad4, org.springframework.security.web.servletapi.SecurityContextHolderAwareRequestFilter@5f4dfc37, org.springframework.security.web.authentication.AnonymousAuthenticationFilter@7626df7f, org.springframework.security.web.session.SessionManagementFilter@5457a563, org.springframework.security.web.access.ExceptionTranslationFilter@320f10c]
 INFO 2017-12-13 19:51:28.908 [main]  at org.springframework.jmx.export.MBeanExporter.afterSingletonsInstantiated(MBeanExporter.java:431) ->> Registering beans for JMX exposure on startup
 INFO 2017-12-13 19:51:28.910 [main]  at org.springframework.jmx.export.MBeanExporter.autodetect(MBeanExporter.java:912) ->> Bean with name 'dataSource' has been autodetected for JMX exposure
 INFO 2017-12-13 19:51:28.925 [main]  at org.springframework.jmx.export.MBeanExporter.registerBeanInstance(MBeanExporter.java:667) ->> Located MBean 'dataSource': registering with JMX server as MBean [com.alibaba.druid.pool:name=dataSource,type=DruidDataSource]
 INFO 2017-12-13 19:51:28.981 [main]  at org.apache.juli.logging.DirectJDKLog.log(DirectJDKLog.java:179) ->> Initializing ProtocolHandler ["http-nio-8088"]
 INFO 2017-12-13 19:51:28.998 [main]  at org.apache.juli.logging.DirectJDKLog.log(DirectJDKLog.java:179) ->> Starting ProtocolHandler [http-nio-8088]
 INFO 2017-12-13 19:51:29.007 [main]  at org.apache.juli.logging.DirectJDKLog.log(DirectJDKLog.java:179) ->> Using a shared selector for servlet write/read
 INFO 2017-12-13 19:51:29.029 [main]  at org.springframework.boot.context.embedded.tomcat.TomcatEmbeddedServletContainer.start(TomcatEmbeddedServletContainer.java:186) ->> Tomcat started on port(s): 8088 (http)
 INFO 2017-12-13 19:51:29.035 [main]  at org.springframework.boot.StartupInfoLogger.logStarted(StartupInfoLogger.java:57) ->> Started Application in 6.094 seconds (JVM running for 6.496)
