 INFO 2017-12-14 12:30:21.454 [main]  at org.springframework.boot.StartupInfoLogger.logStarting(StartupInfoLogger.java:48) ->> Starting Application on ENOCH with PID 12432 (E:\Studio\IdeaProjects\SpringBootDemo\mybatis_spring_boot_starter\target\classes started by Enoch in E:\Studio\IdeaProjects\SpringBootDemo\mybatis_spring_boot_starter)
 INFO 2017-12-14 12:30:21.456 [main]  at org.springframework.boot.SpringApplication.logStartupProfileInfo(SpringApplication.java:663) ->> The following profiles are active: dev
 INFO 2017-12-14 12:30:21.509 [main]  at org.springframework.context.support.AbstractApplicationContext.prepareRefresh(AbstractApplicationContext.java:581) ->> Refreshing org.springframework.boot.context.embedded.AnnotationConfigEmbeddedWebApplicationContext@1042ce9b: startup date [Thu Dec 14 12:30:21 CST 2017]; root of context hierarchy
 INFO 2017-12-14 12:30:21.669 [background-preinit]  at org.hibernate.validator.internal.util.Version.<clinit>(Version.java:30) ->> HV000001: Hibernate Validator 5.2.4.Final
 INFO 2017-12-14 12:30:22.765 [main]  at org.springframework.context.support.PostProcessorRegistrationDelegate$BeanPostProcessorChecker.postProcessAfterInitialization(PostProcessorRegistrationDelegate.java:328) ->> Bean 'org.springframework.transaction.annotation.ProxyTransactionManagementConfiguration' of type [class org.springframework.transaction.annotation.ProxyTransactionManagementConfiguration$$EnhancerBySpringCGLIB$$37e54d3b] is not eligible for getting processed by all BeanPostProcessors (for example: not eligible for auto-proxying)
 INFO 2017-12-14 12:30:23.457 [main]  at org.springframework.boot.context.embedded.tomcat.TomcatEmbeddedServletContainer.initialize(TomcatEmbeddedServletContainer.java:88) ->> Tomcat initialized with port(s): 8088 (http)
 INFO 2017-12-14 12:30:23.470 [main]  at org.apache.juli.logging.DirectJDKLog.log(DirectJDKLog.java:179) ->> Starting service Tomcat
 INFO 2017-12-14 12:30:23.471 [main]  at org.apache.juli.logging.DirectJDKLog.log(DirectJDKLog.java:179) ->> Starting Servlet Engine: Apache Tomcat/8.5.4
 INFO 2017-12-14 12:30:23.564 [localhost-startStop-1]  at org.apache.juli.logging.DirectJDKLog.log(DirectJDKLog.java:179) ->> Initializing Spring embedded WebApplicationContext
 INFO 2017-12-14 12:30:23.564 [localhost-startStop-1]  at org.springframework.boot.context.embedded.EmbeddedWebApplicationContext.prepareEmbeddedWebApplicationContext(EmbeddedWebApplicationContext.java:276) ->> Root WebApplicationContext: initialization completed in 2055 ms
 INFO 2017-12-14 12:30:23.580 [localhost-startStop-1]  at com.enoch.studio.config.DruidConfiguration.druidServlet(DruidConfiguration.java:31) ->> init Druid Servlet Configuration 
 INFO 2017-12-14 12:30:23.859 [localhost-startStop-1]  at org.springframework.boot.web.servlet.AbstractFilterRegistrationBean.configure(AbstractFilterRegistrationBean.java:258) ->> Mapping filter: 'characterEncodingFilter' to: [/*]
 INFO 2017-12-14 12:30:23.860 [localhost-startStop-1]  at org.springframework.boot.web.servlet.AbstractFilterRegistrationBean.configure(AbstractFilterRegistrationBean.java:258) ->> Mapping filter: 'hiddenHttpMethodFilter' to: [/*]
 INFO 2017-12-14 12:30:23.861 [localhost-startStop-1]  at org.springframework.boot.web.servlet.AbstractFilterRegistrationBean.configure(AbstractFilterRegistrationBean.java:258) ->> Mapping filter: 'httpPutFormContentFilter' to: [/*]
 INFO 2017-12-14 12:30:23.861 [localhost-startStop-1]  at org.springframework.boot.web.servlet.AbstractFilterRegistrationBean.configure(AbstractFilterRegistrationBean.java:258) ->> Mapping filter: 'requestContextFilter' to: [/*]
 INFO 2017-12-14 12:30:23.863 [localhost-startStop-1]  at org.springframework.boot.web.servlet.AbstractFilterRegistrationBean.configure(AbstractFilterRegistrationBean.java:258) ->> Mapping filter: 'springSecurityFilterChain' to: [/*]
 INFO 2017-12-14 12:30:23.864 [localhost-startStop-1]  at org.springframework.boot.web.servlet.AbstractFilterRegistrationBean.configure(AbstractFilterRegistrationBean.java:271) ->> Mapping filter: 'webStatFilter' to urls: [/*]
 INFO 2017-12-14 12:30:23.864 [localhost-startStop-1]  at org.springframework.boot.web.servlet.ServletRegistrationBean.onStartup(ServletRegistrationBean.java:190) ->> Mapping servlet: 'statViewServlet' to [/druid/*]
 INFO 2017-12-14 12:30:23.865 [localhost-startStop-1]  at org.springframework.boot.web.servlet.ServletRegistrationBean.onStartup(ServletRegistrationBean.java:190) ->> Mapping servlet: 'dispatcherServlet' to [/]
 WARN 2017-12-14 12:30:24.353 [main]  at org.springframework.beans.factory.annotation.AutowiredAnnotationBeanPostProcessor$2.doWith(AutowiredAnnotationBeanPostProcessor.java:422) ->> Autowired annotation is not supported on static fields: private static java.lang.String com.enoch.studio.handler.GlobalErrorController.errorPath
 INFO 2017-12-14 12:30:24.726 [main]  at org.springframework.web.servlet.mvc.method.annotation.RequestMappingHandlerAdapter.initControllerAdviceCache(RequestMappingHandlerAdapter.java:534) ->> Looking for @ControllerAdvice: org.springframework.boot.context.embedded.AnnotationConfigEmbeddedWebApplicationContext@1042ce9b: startup date [Thu Dec 14 12:30:21 CST 2017]; root of context hierarchy
 INFO 2017-12-14 12:30:24.810 [main]  at org.springframework.web.servlet.handler.AbstractHandlerMethodMapping$MappingRegistry.register(AbstractHandlerMethodMapping.java:543) ->> Mapped "{[/user/getUserByID-{ip}]}" onto public com.enoch.studio.entity.CustomerResponseEntity com.enoch.studio.controller.UserController.getUserByID(java.lang.Integer)
 INFO 2017-12-14 12:30:24.812 [main]  at org.springframework.web.servlet.handler.AbstractHandlerMethodMapping$MappingRegistry.register(AbstractHandlerMethodMapping.java:543) ->> Mapped "{[/user/getAllUser-{ip}]}" onto public com.enoch.studio.entity.CustomerResponseEntity com.enoch.studio.controller.UserController.getAllUser()
 INFO 2017-12-14 12:30:24.812 [main]  at org.springframework.web.servlet.handler.AbstractHandlerMethodMapping$MappingRegistry.register(AbstractHandlerMethodMapping.java:543) ->> Mapped "{[/user/saveUser-{ip}]}" onto public com.enoch.studio.entity.CustomerResponseEntity com.enoch.studio.controller.UserController.saveUser() throws java.lang.Exception
 INFO 2017-12-14 12:30:24.814 [main]  at org.springframework.web.servlet.handler.AbstractHandlerMethodMapping$MappingRegistry.register(AbstractHandlerMethodMapping.java:543) ->> Mapped "{[/error]}" onto public com.enoch.studio.entity.CustomerResponseEntity<?> com.enoch.studio.handler.GlobalErrorController.error(javax.servlet.http.HttpServletRequest)
 INFO 2017-12-14 12:30:24.865 [main]  at org.springframework.web.servlet.handler.AbstractUrlHandlerMapping.registerHandler(AbstractUrlHandlerMapping.java:354) ->> Mapped URL path [/webjars/**] onto handler of type [class org.springframework.web.servlet.resource.ResourceHttpRequestHandler]
 INFO 2017-12-14 12:30:24.865 [main]  at org.springframework.web.servlet.handler.AbstractUrlHandlerMapping.registerHandler(AbstractUrlHandlerMapping.java:354) ->> Mapped URL path [/**] onto handler of type [class org.springframework.web.servlet.resource.ResourceHttpRequestHandler]
 INFO 2017-12-14 12:30:24.956 [main]  at org.springframework.web.servlet.mvc.method.annotation.ExceptionHandlerExceptionResolver.initExceptionHandlerAdviceCache(ExceptionHandlerExceptionResolver.java:269) ->> Detected @ExceptionHandler methods in globalExceptionHandler
 INFO 2017-12-14 12:30:24.991 [main]  at org.springframework.web.servlet.handler.AbstractUrlHandlerMapping.registerHandler(AbstractUrlHandlerMapping.java:354) ->> Mapped URL path [/**/favicon.ico] onto handler of type [class org.springframework.web.servlet.resource.ResourceHttpRequestHandler]
 INFO 2017-12-14 12:30:25.348 [main]  at org.springframework.boot.autoconfigure.security.AuthenticationManagerConfiguration$DefaultInMemoryUserDetailsManagerConfigurer.configure(AuthenticationManagerConfiguration.java:169) ->> 

Using default security password: 000fd2c0-429d-4fcd-96ac-929167fa465c

 INFO 2017-12-14 12:30:25.400 [main]  at org.springframework.security.web.DefaultSecurityFilterChain.<init>(DefaultSecurityFilterChain.java:43) ->> Creating filter chain: Ant [pattern='/css/**'], []
 INFO 2017-12-14 12:30:25.400 [main]  at org.springframework.security.web.DefaultSecurityFilterChain.<init>(DefaultSecurityFilterChain.java:43) ->> Creating filter chain: Ant [pattern='/js/**'], []
 INFO 2017-12-14 12:30:25.401 [main]  at org.springframework.security.web.DefaultSecurityFilterChain.<init>(DefaultSecurityFilterChain.java:43) ->> Creating filter chain: Ant [pattern='/images/**'], []
 INFO 2017-12-14 12:30:25.402 [main]  at org.springframework.security.web.DefaultSecurityFilterChain.<init>(DefaultSecurityFilterChain.java:43) ->> Creating filter chain: Ant [pattern='/webjars/**'], []
 INFO 2017-12-14 12:30:25.404 [main]  at org.springframework.security.web.DefaultSecurityFilterChain.<init>(DefaultSecurityFilterChain.java:43) ->> Creating filter chain: Ant [pattern='/**/favicon.ico'], []
 INFO 2017-12-14 12:30:25.404 [main]  at org.springframework.security.web.DefaultSecurityFilterChain.<init>(DefaultSecurityFilterChain.java:43) ->> Creating filter chain: Ant [pattern='/error'], []
 INFO 2017-12-14 12:30:25.498 [main]  at org.springframework.security.web.DefaultSecurityFilterChain.<init>(DefaultSecurityFilterChain.java:43) ->> Creating filter chain: org.springframework.boot.autoconfigure.security.SpringBootWebSecurityConfiguration$ApplicationNoWebSecurityConfigurerAdapter$1@203a46e9, [org.springframework.security.web.context.request.async.WebAsyncManagerIntegrationFilter@52057b86, org.springframework.security.web.context.SecurityContextPersistenceFilter@65530ba5, org.springframework.security.web.header.HeaderWriterFilter@2d5af845, org.springframework.security.web.csrf.CsrfFilter@296133e4, org.springframework.security.web.authentication.logout.LogoutFilter@49e7ff7e, org.springframework.security.web.savedrequest.RequestCacheAwareFilter@2eba6927, org.springframework.security.web.servletapi.SecurityContextHolderAwareRequestFilter@4460896, org.springframework.security.web.authentication.AnonymousAuthenticationFilter@65f0c47b, org.springframework.security.web.session.SessionManagementFilter@4a8ef71b, org.springframework.security.web.access.ExceptionTranslationFilter@6bd0325f]
 INFO 2017-12-14 12:30:25.944 [main]  at org.springframework.jmx.export.MBeanExporter.afterSingletonsInstantiated(MBeanExporter.java:431) ->> Registering beans for JMX exposure on startup
 INFO 2017-12-14 12:30:25.946 [main]  at org.springframework.jmx.export.MBeanExporter.autodetect(MBeanExporter.java:912) ->> Bean with name 'dataSource' has been autodetected for JMX exposure
 INFO 2017-12-14 12:30:25.960 [main]  at org.springframework.jmx.export.MBeanExporter.registerBeanInstance(MBeanExporter.java:667) ->> Located MBean 'dataSource': registering with JMX server as MBean [com.alibaba.druid.pool:name=dataSource,type=DruidDataSource]
 INFO 2017-12-14 12:30:25.978 [main]  at org.apache.juli.logging.DirectJDKLog.log(DirectJDKLog.java:179) ->> Initializing ProtocolHandler ["http-nio-8088"]
 INFO 2017-12-14 12:30:25.995 [main]  at org.apache.juli.logging.DirectJDKLog.log(DirectJDKLog.java:179) ->> Starting ProtocolHandler [http-nio-8088]
 INFO 2017-12-14 12:30:26.068 [main]  at org.apache.juli.logging.DirectJDKLog.log(DirectJDKLog.java:179) ->> Using a shared selector for servlet write/read
 INFO 2017-12-14 12:30:26.084 [main]  at org.springframework.boot.context.embedded.tomcat.TomcatEmbeddedServletContainer.start(TomcatEmbeddedServletContainer.java:186) ->> Tomcat started on port(s): 8088 (http)
 INFO 2017-12-14 12:30:26.091 [main]  at org.springframework.boot.StartupInfoLogger.logStarted(StartupInfoLogger.java:57) ->> Started Application in 5.202 seconds (JVM running for 14.166)
 INFO 2017-12-14 12:58:22.066 [http-nio-8088-exec-1]  at org.apache.juli.logging.DirectJDKLog.log(DirectJDKLog.java:179) ->> Initializing Spring FrameworkServlet 'dispatcherServlet'
 INFO 2017-12-14 12:58:22.067 [http-nio-8088-exec-1]  at org.springframework.web.servlet.FrameworkServlet.initServletBean(FrameworkServlet.java:489) ->> FrameworkServlet 'dispatcherServlet': initialization started
 INFO 2017-12-14 12:58:22.093 [http-nio-8088-exec-1]  at org.springframework.web.servlet.FrameworkServlet.initServletBean(FrameworkServlet.java:508) ->> FrameworkServlet 'dispatcherServlet': initialization completed in 25 ms
ERROR 2017-12-14 12:58:22.135 [http-nio-8088-exec-1]  at com.enoch.studio.handler.GlobalErrorController.handlerError(GlobalErrorController.java:97) ->> 404´íÎó
ERROR 2017-12-14 13:42:03.792 [http-nio-8088-exec-4]  at com.enoch.studio.handler.GlobalErrorController.handlerError(GlobalErrorController.java:97) ->> 404´íÎó
